<?xml version="1.0" encoding="UTF-8"?>
<testng-results skipped="0" failed="1" total="5" passed="4">
  <reporter-output>
  </reporter-output>
  <suite name="Default suite" duration-ms="31782" started-at="2017-06-16T08:57:09Z" finished-at="2017-06-16T08:57:40Z">
    <groups>
      <group name="Help">
        <method signature="HelpMenuTest.Databuilding()[pri:288, instance:testng_TestCases.HelpMenuTest@76c3e77a]" name="Databuilding" class="testng_TestCases.HelpMenuTest"/>
        <method signature="HelpMenuTest.FAQ()[pri:291, instance:testng_TestCases.HelpMenuTest@76c3e77a]" name="FAQ" class="testng_TestCases.HelpMenuTest"/>
        <method signature="HelpMenuTest.FAQTopic()[pri:292, instance:testng_TestCases.HelpMenuTest@76c3e77a]" name="FAQTopic" class="testng_TestCases.HelpMenuTest"/>
        <method signature="HelpMenuTest.SupportDesk555()[pri:289, instance:testng_TestCases.HelpMenuTest@76c3e77a]" name="SupportDesk555" class="testng_TestCases.HelpMenuTest"/>
        <method signature="HelpMenuTest.TrainingVideos()[pri:290, instance:testng_TestCases.HelpMenuTest@76c3e77a]" name="TrainingVideos" class="testng_TestCases.HelpMenuTest"/>
      </group> <!-- Help -->
    </groups>
    <test name="Default test" duration-ms="31782" started-at="2017-06-16T08:57:09Z" finished-at="2017-06-16T08:57:40Z">
      <class name="testng_TestCases.HelpMenuTest">
        <test-method status="PASS" signature="initialioseBrowser()[pri:0, instance:testng_TestCases.HelpMenuTest@76c3e77a]" name="initialioseBrowser" is-config="true" duration-ms="21201" started-at="2017-06-16T14:26:47Z" finished-at="2017-06-16T14:27:09Z">
          <reporter-output>
          </reporter-output>
        </test-method> <!-- initialioseBrowser -->
        <test-method status="PASS" signature="worklst()[pri:0, instance:testng_TestCases.HelpMenuTest@76c3e77a]" name="worklst" is-config="true" duration-ms="63" started-at="2017-06-16T14:27:09Z" depends-on-methods="common_Function.WebDriverPass.initialioseBrowser" finished-at="2017-06-16T14:27:09Z">
          <reporter-output>
          </reporter-output>
        </test-method> <!-- worklst -->
        <test-method status="FAIL" signature="Databuilding()[pri:288, instance:testng_TestCases.HelpMenuTest@76c3e77a]" name="Databuilding" duration-ms="10921" started-at="2017-06-16T14:27:09Z" finished-at="2017-06-16T14:27:20Z">
          <exception class="org.openqa.selenium.NoSuchElementException">
            <message>
              <![CDATA[no such element: Unable to locate element: {"method":"link text","selector":"Data building"}
  (Session info: chrome=59.0.3071.104)
  (Driver info: chromedriver=2.29.461591 (62ebf098771772160f391d75e589dc567915b233),platform=Windows NT 6.1.7601 SP1 x86_64) (WARNING: The server did not provide any stacktrace information)
Command duration or timeout: 10.29 seconds
For documentation on this error, please visit: http://seleniumhq.org/exceptions/no_such_element.html
Build info: version: 'unknown', revision: '8c03df6', time: '2017-03-02 09:30:17 -0800'
System info: host: 'ARATI-PC', ip: '192.168.9.13', os.name: 'Windows 7', os.arch: 'amd64', os.version: '6.1', java.version: '1.8.0_60'
Driver info: org.openqa.selenium.chrome.ChromeDriver
Capabilities [{applicationCacheEnabled=false, rotatable=false, mobileEmulationEnabled=false, networkConnectionEnabled=false, chrome={chromedriverVersion=2.29.461591 (62ebf098771772160f391d75e589dc567915b233), userDataDir=C:\Users\Arati\AppData\Local\Temp\scoped_dir6232_15771}, takesHeapSnapshot=true, pageLoadStrategy=normal, databaseEnabled=false, handlesAlerts=true, hasTouchScreen=false, version=59.0.3071.104, platform=XP, browserConnectionEnabled=false, nativeEvents=true, acceptSslCerts=true, locationContextEnabled=true, webStorageEnabled=true, browserName=chrome, takesScreenshot=true, javascriptEnabled=true, cssSelectorsEnabled=true, unexpectedAlertBehaviour=}]
Session ID: 62267e6463853786f79e0deb3b50bdd5
*** Element info: {Using=link text, value=Data building}]]>
            </message>
            <full-stacktrace>
              <![CDATA[org.openqa.selenium.NoSuchElementException: no such element: Unable to locate element: {"method":"link text","selector":"Data building"}
  (Session info: chrome=59.0.3071.104)
  (Driver info: chromedriver=2.29.461591 (62ebf098771772160f391d75e589dc567915b233),platform=Windows NT 6.1.7601 SP1 x86_64) (WARNING: The server did not provide any stacktrace information)
Command duration or timeout: 10.29 seconds
For documentation on this error, please visit: http://seleniumhq.org/exceptions/no_such_element.html
Build info: version: 'unknown', revision: '8c03df6', time: '2017-03-02 09:30:17 -0800'
System info: host: 'ARATI-PC', ip: '192.168.9.13', os.name: 'Windows 7', os.arch: 'amd64', os.version: '6.1', java.version: '1.8.0_60'
Driver info: org.openqa.selenium.chrome.ChromeDriver
Capabilities [{applicationCacheEnabled=false, rotatable=false, mobileEmulationEnabled=false, networkConnectionEnabled=false, chrome={chromedriverVersion=2.29.461591 (62ebf098771772160f391d75e589dc567915b233), userDataDir=C:\Users\Arati\AppData\Local\Temp\scoped_dir6232_15771}, takesHeapSnapshot=true, pageLoadStrategy=normal, databaseEnabled=false, handlesAlerts=true, hasTouchScreen=false, version=59.0.3071.104, platform=XP, browserConnectionEnabled=false, nativeEvents=true, acceptSslCerts=true, locationContextEnabled=true, webStorageEnabled=true, browserName=chrome, takesScreenshot=true, javascriptEnabled=true, cssSelectorsEnabled=true, unexpectedAlertBehaviour=}]
Session ID: 62267e6463853786f79e0deb3b50bdd5
*** Element info: {Using=link text, value=Data building}
	at sun.reflect.NativeConstructorAccessorImpl.newInstance0(Native Method)
	at sun.reflect.NativeConstructorAccessorImpl.newInstance(Unknown Source)
	at sun.reflect.DelegatingConstructorAccessorImpl.newInstance(Unknown Source)
	at java.lang.reflect.Constructor.newInstance(Unknown Source)
	at org.openqa.selenium.remote.ErrorHandler.createThrowable(ErrorHandler.java:216)
	at org.openqa.selenium.remote.ErrorHandler.throwIfResponseFailed(ErrorHandler.java:168)
	at org.openqa.selenium.remote.RemoteWebDriver.execute(RemoteWebDriver.java:638)
	at org.openqa.selenium.remote.RemoteWebDriver.findElement(RemoteWebDriver.java:371)
	at org.openqa.selenium.remote.RemoteWebDriver.findElementByLinkText(RemoteWebDriver.java:428)
	at org.openqa.selenium.By$ByLinkText.findElement(By.java:246)
	at org.openqa.selenium.remote.RemoteWebDriver.findElement(RemoteWebDriver.java:363)
	at java_MenusList.HelpMenuList.Databuilding(HelpMenuList.java:56)
	at testng_TestCases.HelpMenuTest.Databuilding(HelpMenuTest.java:33)
	at sun.reflect.NativeMethodAccessorImpl.invoke0(Native Method)
	at sun.reflect.NativeMethodAccessorImpl.invoke(Unknown Source)
	at sun.reflect.DelegatingMethodAccessorImpl.invoke(Unknown Source)
	at java.lang.reflect.Method.invoke(Unknown Source)
	at org.testng.internal.MethodInvocationHelper.invokeMethod(MethodInvocationHelper.java:85)
	at org.testng.internal.Invoker.invokeMethod(Invoker.java:639)
	at org.testng.internal.Invoker.invokeTestMethod(Invoker.java:816)
	at org.testng.internal.Invoker.invokeTestMethods(Invoker.java:1124)
	at org.testng.internal.TestMethodWorker.invokeTestMethods(TestMethodWorker.java:125)
	at org.testng.internal.TestMethodWorker.run(TestMethodWorker.java:108)
	at org.testng.TestRunner.privateRun(TestRunner.java:774)
	at org.testng.TestRunner.run(TestRunner.java:624)
	at org.testng.SuiteRunner.runTest(SuiteRunner.java:359)
	at org.testng.SuiteRunner.runSequentially(SuiteRunner.java:354)
	at org.testng.SuiteRunner.privateRun(SuiteRunner.java:312)
	at org.testng.SuiteRunner.run(SuiteRunner.java:261)
	at org.testng.SuiteRunnerWorker.runSuite(SuiteRunnerWorker.java:52)
	at org.testng.SuiteRunnerWorker.run(SuiteRunnerWorker.java:86)
	at org.testng.TestNG.runSuitesSequentially(TestNG.java:1215)
	at org.testng.TestNG.runSuitesLocally(TestNG.java:1140)
	at org.testng.TestNG.run(TestNG.java:1048)
	at org.testng.remote.AbstractRemoteTestNG.run(AbstractRemoteTestNG.java:132)
	at org.testng.remote.RemoteTestNG.initAndRun(RemoteTestNG.java:230)
	at org.testng.remote.RemoteTestNG.main(RemoteTestNG.java:76)
]]>
            </full-stacktrace>
          </exception> <!-- org.openqa.selenium.NoSuchElementException -->
          <reporter-output>
          </reporter-output>
        </test-method> <!-- Databuilding -->
        <test-method status="PASS" signature="afterMethod(org.testng.ITestResult)[pri:0, instance:testng_TestCases.HelpMenuTest@76c3e77a]" name="afterMethod" is-config="true" duration-ms="161" started-at="2017-06-16T14:27:20Z" finished-at="2017-06-16T14:27:20Z">
          <params>
            <param index="0">
              <value>
                <![CDATA[[TestResult name=Databuilding status=FAILURE method=HelpMenuTest.Databuilding()[pri:288, instance:testng_TestCases.HelpMenuTest@76c3e77a] output={null}]]]>
              </value>
            </param>
          </params>
          <reporter-output>
          </reporter-output>
        </test-method> <!-- afterMethod -->
        <test-method status="PASS" signature="SupportDesk555()[pri:289, instance:testng_TestCases.HelpMenuTest@76c3e77a]" name="SupportDesk555" duration-ms="4651" started-at="2017-06-16T14:27:20Z" finished-at="2017-06-16T14:27:24Z">
          <reporter-output>
          </reporter-output>
        </test-method> <!-- SupportDesk555 -->
        <test-method status="PASS" signature="afterMethod(org.testng.ITestResult)[pri:0, instance:testng_TestCases.HelpMenuTest@76c3e77a]" name="afterMethod" is-config="true" duration-ms="24" started-at="2017-06-16T14:27:24Z" finished-at="2017-06-16T14:27:24Z">
          <params>
            <param index="0">
              <value>
                <![CDATA[[TestResult name=SupportDesk555 status=SUCCESS method=HelpMenuTest.SupportDesk555()[pri:289, instance:testng_TestCases.HelpMenuTest@76c3e77a] output={null}]]]>
              </value>
            </param>
          </params>
          <reporter-output>
          </reporter-output>
        </test-method> <!-- afterMethod -->
        <test-method status="PASS" signature="TrainingVideos()[pri:290, instance:testng_TestCases.HelpMenuTest@76c3e77a]" name="TrainingVideos" duration-ms="4175" started-at="2017-06-16T14:27:24Z" finished-at="2017-06-16T14:27:29Z">
          <reporter-output>
          </reporter-output>
        </test-method> <!-- TrainingVideos -->
        <test-method status="PASS" signature="afterMethod(org.testng.ITestResult)[pri:0, instance:testng_TestCases.HelpMenuTest@76c3e77a]" name="afterMethod" is-config="true" duration-ms="24" started-at="2017-06-16T14:27:29Z" finished-at="2017-06-16T14:27:29Z">
          <params>
            <param index="0">
              <value>
                <![CDATA[[TestResult name=TrainingVideos status=SUCCESS method=HelpMenuTest.TrainingVideos()[pri:290, instance:testng_TestCases.HelpMenuTest@76c3e77a] output={null}]]]>
              </value>
            </param>
          </params>
          <reporter-output>
          </reporter-output>
        </test-method> <!-- afterMethod -->
        <test-method status="PASS" signature="FAQ()[pri:291, instance:testng_TestCases.HelpMenuTest@76c3e77a]" name="FAQ" duration-ms="1960" started-at="2017-06-16T14:27:29Z" finished-at="2017-06-16T14:27:31Z">
          <reporter-output>
          </reporter-output>
        </test-method> <!-- FAQ -->
        <test-method status="PASS" signature="afterMethod(org.testng.ITestResult)[pri:0, instance:testng_TestCases.HelpMenuTest@76c3e77a]" name="afterMethod" is-config="true" duration-ms="24" started-at="2017-06-16T14:27:31Z" finished-at="2017-06-16T14:27:31Z">
          <params>
            <param index="0">
              <value>
                <![CDATA[[TestResult name=FAQ status=SUCCESS method=HelpMenuTest.FAQ()[pri:291, instance:testng_TestCases.HelpMenuTest@76c3e77a] output={null}]]]>
              </value>
            </param>
          </params>
          <reporter-output>
          </reporter-output>
        </test-method> <!-- afterMethod -->
        <test-method status="PASS" signature="FAQTopic()[pri:292, instance:testng_TestCases.HelpMenuTest@76c3e77a]" name="FAQTopic" duration-ms="9807" started-at="2017-06-16T14:27:31Z" finished-at="2017-06-16T14:27:40Z">
          <reporter-output>
          </reporter-output>
        </test-method> <!-- FAQTopic -->
        <test-method status="PASS" signature="afterMethod(org.testng.ITestResult)[pri:0, instance:testng_TestCases.HelpMenuTest@76c3e77a]" name="afterMethod" is-config="true" duration-ms="20" started-at="2017-06-16T14:27:40Z" finished-at="2017-06-16T14:27:40Z">
          <params>
            <param index="0">
              <value>
                <![CDATA[[TestResult name=FAQTopic status=SUCCESS method=HelpMenuTest.FAQTopic()[pri:292, instance:testng_TestCases.HelpMenuTest@76c3e77a] output={null}]]]>
              </value>
            </param>
          </params>
          <reporter-output>
          </reporter-output>
        </test-method> <!-- afterMethod -->
        <test-method status="PASS" signature="closeBrowser()[pri:0, instance:testng_TestCases.HelpMenuTest@76c3e77a]" name="closeBrowser" is-config="true" duration-ms="1112" started-at="2017-06-16T14:27:40Z" finished-at="2017-06-16T14:27:42Z">
          <reporter-output>
          </reporter-output>
        </test-method> <!-- closeBrowser -->
      </class> <!-- testng_TestCases.HelpMenuTest -->
    </test> <!-- Default test -->
  </suite> <!-- Default suite -->
</testng-results>
